<?xml version="1.0" encoding="UTF-8"?>
<!-- Generated by org.testng.reporters.JUnitReportReporter -->
<testsuite skipped="0" hostname="DESKTOP-9TR9Q24" name="org.sample.Meter" tests="2" failures="0" timestamp="09 Aug 2019 08:10:21 GMT" time="0.091" errors="0">
  <testcase name="test1" time="0.078" classname="org.sample.Meter"/>
  <testcase name="test3" time="0.013" classname="org.sample.Meter"/>
</testsuite> <!-- org.sample.Meter -->
