<?xml version="1.0" encoding="UTF-8"?>
<!-- Generated by org.testng.reporters.JUnitReportReporter -->
<testsuite skipped="0" hostname="DESKTOP-9TR9Q24" name="org.sample.Prior" tests="1" failures="0" timestamp="09 Aug 2019 08:10:21 GMT" time="0.009" errors="0">
  <testcase name="test6" time="0.009" classname="org.sample.Prior"/>
</testsuite> <!-- org.sample.Prior -->
